{"level":"info","message":"Server started and listening on port 3031 ","timestamp":"2023-02-10T23:22:03.607Z"}
{"level":"info","message":"Connected to db mongodb://localhost/chat_app_db_dev successfully...","timestamp":"2023-02-10T23:22:03.650Z"}
{"level":"info","message":"::1 - - [10/Feb/2023:23:23:15 +0000] \"POST /api/users HTTP/1.1\" 400 20 \"-\" \"PostmanRuntime/7.29.2\"\n","timestamp":"2023-02-10T23:23:15.239Z"}
{"level":"info","message":"::1 - - [10/Feb/2023:23:23:21 +0000] \"POST /api/users HTTP/1.1\" 500 742 \"-\" \"PostmanRuntime/7.29.2\"\n","timestamp":"2023-02-10T23:23:21.927Z"}
{"level":"info","message":"Server started and listening on port 3031 ","timestamp":"2023-02-10T23:24:18.869Z"}
{"level":"info","message":"Connected to db mongodb://localhost/chat_app_db_dev successfully...","timestamp":"2023-02-10T23:24:18.922Z"}
{"level":"info","message":"::1 - - [10/Feb/2023:23:24:24 +0000] \"POST /api/users HTTP/1.1\" 500 742 \"-\" \"PostmanRuntime/7.29.2\"\n","timestamp":"2023-02-10T23:24:24.360Z"}
{"level":"info","message":"Server started and listening on port 3031 ","timestamp":"2023-02-10T23:24:58.337Z"}
{"level":"info","message":"Connected to db mongodb://localhost/chat_app_db_dev successfully...","timestamp":"2023-02-10T23:24:58.378Z"}
{"level":"info","message":"::1 - - [10/Feb/2023:23:25:02 +0000] \"POST /api/users HTTP/1.1\" 200 89 \"-\" \"PostmanRuntime/7.29.2\"\n","timestamp":"2023-02-10T23:25:02.401Z"}
{"level":"info","message":"::1 - - [10/Feb/2023:23:25:16 +0000] \"POST /api/users HTTP/1.1\" 200 89 \"-\" \"PostmanRuntime/7.29.2\"\n","timestamp":"2023-02-10T23:25:16.465Z"}
{"level":"info","message":"::1 - - [10/Feb/2023:23:25:22 +0000] \"GET /api/users HTTP/1.1\" 200 181 \"-\" \"PostmanRuntime/7.29.2\"\n","timestamp":"2023-02-10T23:25:22.086Z"}
{"level":"info","message":"::1 - - [10/Feb/2023:23:25:31 +0000] \"GET /api/users/63e6d24e0c8f92da8c2da745 HTTP/1.1\" 200 89 \"-\" \"PostmanRuntime/7.29.2\"\n","timestamp":"2023-02-10T23:25:31.977Z"}
{"level":"info","message":"::1 - - [10/Feb/2023:23:25:46 +0000] \"POST /api/users HTTP/1.1\" 200 89 \"-\" \"PostmanRuntime/7.29.2\"\n","timestamp":"2023-02-10T23:25:46.846Z"}
{"level":"info","message":"::1 - - [10/Feb/2023:23:25:57 +0000] \"DELETE /api/users/63e6d27a0c8f92da8c2da74b HTTP/1.1\" 200 89 \"-\" \"PostmanRuntime/7.29.2\"\n","timestamp":"2023-02-10T23:25:57.877Z"}
{"level":"info","message":"::1 - - [10/Feb/2023:23:26:11 +0000] \"GET /api/users/ HTTP/1.1\" 200 181 \"-\" \"PostmanRuntime/7.29.2\"\n","timestamp":"2023-02-10T23:26:11.426Z"}
{"level":"info","message":"::1 - - [10/Feb/2023:23:26:28 +0000] \"PUT /api/users/63e6d25c0c8f92da8c2da747 HTTP/1.1\" 200 91 \"-\" \"PostmanRuntime/7.29.2\"\n","timestamp":"2023-02-10T23:26:28.342Z"}
{"level":"info","message":"::1 - - [10/Feb/2023:23:26:47 +0000] \"GET /api/users HTTP/1.1\" 200 183 \"-\" \"PostmanRuntime/7.29.2\"\n","timestamp":"2023-02-10T23:26:47.762Z"}
{"level":"info","message":"::1 - - [10/Feb/2023:23:27:54 +0000] \"POST /api/messages HTTP/1.1\" 500 1726 \"-\" \"PostmanRuntime/7.29.2\"\n","timestamp":"2023-02-10T23:27:54.534Z"}
{"level":"info","message":"Server started and listening on port 3031 ","timestamp":"2023-02-10T23:28:26.607Z"}
{"level":"info","message":"Connected to db mongodb://localhost/chat_app_db_dev successfully...","timestamp":"2023-02-10T23:28:26.650Z"}
{"level":"info","message":"::1 - - [10/Feb/2023:23:28:31 +0000] \"POST /api/messages HTTP/1.1\" 500 371 \"-\" \"PostmanRuntime/7.29.2\"\n","timestamp":"2023-02-10T23:28:31.077Z"}
{"level":"info","message":"Server started and listening on port 3031 ","timestamp":"2023-02-10T23:29:50.567Z"}
{"level":"info","message":"Connected to db mongodb://localhost/chat_app_db_dev successfully...","timestamp":"2023-02-10T23:29:50.611Z"}
{"level":"info","message":"::1 - - [10/Feb/2023:23:29:55 +0000] \"POST /api/messages HTTP/1.1\" 500 371 \"-\" \"PostmanRuntime/7.29.2\"\n","timestamp":"2023-02-10T23:29:55.173Z"}
{"level":"info","message":"Connected to db mongodb://localhost/chat_app_db_dev successfully...","timestamp":"2023-02-10T23:31:06.911Z"}
{"level":"info","message":"Connected to db mongodb://localhost/chat_app_db_dev successfully...","timestamp":"2023-02-10T23:34:05.165Z"}
{"level":"info","message":"Server started and listening on port 3031 ","timestamp":"2023-02-10T23:35:48.490Z"}
{"level":"info","message":"Connected to db mongodb://localhost/chat_app_db_dev successfully...","timestamp":"2023-02-10T23:35:48.532Z"}
{"level":"info","message":"::1 - - [10/Feb/2023:23:35:54 +0000] \"POST /api/users HTTP/1.1\" 200 89 \"-\" \"PostmanRuntime/7.29.2\"\n","timestamp":"2023-02-10T23:35:54.177Z"}
{"level":"info","message":"::1 - - [10/Feb/2023:23:36:00 +0000] \"POST /api/users HTTP/1.1\" 200 89 \"-\" \"PostmanRuntime/7.29.2\"\n","timestamp":"2023-02-10T23:36:00.558Z"}
{"level":"info","message":"::1 - - [10/Feb/2023:23:36:20 +0000] \"GET /api/users HTTP/1.1\" 200 181 \"-\" \"PostmanRuntime/7.29.2\"\n","timestamp":"2023-02-10T23:36:20.215Z"}
{"level":"info","message":"::1 - - [10/Feb/2023:23:36:51 +0000] \"POST /api/messages HTTP/1.1\" 200 162 \"-\" \"PostmanRuntime/7.29.2\"\n","timestamp":"2023-02-10T23:36:51.928Z"}
{"level":"info","message":"::1 - - [10/Feb/2023:23:37:34 +0000] \"POST /api/messages HTTP/1.1\" 200 163 \"-\" \"PostmanRuntime/7.29.2\"\n","timestamp":"2023-02-10T23:37:34.292Z"}
{"level":"info","message":"::1 - - [10/Feb/2023:23:37:37 +0000] \"POST /api/messages HTTP/1.1\" 400 93 \"-\" \"PostmanRuntime/7.29.2\"\n","timestamp":"2023-02-10T23:37:37.141Z"}
{"level":"info","message":"::1 - - [10/Feb/2023:23:37:52 +0000] \"POST /api/messages HTTP/1.1\" 400 24 \"-\" \"PostmanRuntime/7.29.2\"\n","timestamp":"2023-02-10T23:37:52.323Z"}
{"level":"info","message":"::1 - - [10/Feb/2023:23:38:27 +0000] \"GET /api/messages HTTP/1.1\" 200 328 \"-\" \"PostmanRuntime/7.29.2\"\n","timestamp":"2023-02-10T23:38:27.711Z"}
{"level":"info","message":"::1 - - [10/Feb/2023:23:38:41 +0000] \"POST /api/messages HTTP/1.1\" 200 171 \"-\" \"PostmanRuntime/7.29.2\"\n","timestamp":"2023-02-10T23:38:41.145Z"}
{"level":"info","message":"::1 - - [10/Feb/2023:23:39:00 +0000] \"PUT /api/messages/63e6d4dab12b70eaddb0ca17 HTTP/1.1\" 400 28 \"-\" \"PostmanRuntime/7.29.2\"\n","timestamp":"2023-02-10T23:39:00.201Z"}
{"level":"info","message":"::1 - - [10/Feb/2023:23:39:25 +0000] \"GET /api/messages HTTP/1.1\" 200 500 \"-\" \"PostmanRuntime/7.29.2\"\n","timestamp":"2023-02-10T23:39:25.195Z"}
{"level":"info","message":"::1 - - [10/Feb/2023:23:39:41 +0000] \"PUT /api/messages/63e6d581b12b70eaddb0ca27 HTTP/1.1\" 200 144 \"-\" \"PostmanRuntime/7.29.2\"\n","timestamp":"2023-02-10T23:39:41.442Z"}
{"level":"info","message":"::1 - - [10/Feb/2023:23:39:47 +0000] \"DELETE /api/messages/63e6d581b12b70eaddb0ca27 HTTP/1.1\" 200 144 \"-\" \"PostmanRuntime/7.29.2\"\n","timestamp":"2023-02-10T23:39:47.660Z"}
{"level":"info","message":"::1 - - [10/Feb/2023:23:39:50 +0000] \"GET /api/messages HTTP/1.1\" 200 328 \"-\" \"PostmanRuntime/7.29.2\"\n","timestamp":"2023-02-10T23:39:50.321Z"}
